2025-04-15 21:56:27,668 - INFO - Sent encrypted handshake to 127.0.0.1:9999
2025-04-15 21:56:28,603 - INFO - Server response: 🔐 Handshake successful. Secure channel established.
2025-04-15 21:57:07,752 - INFO - Disconnected from server and socket closed.
2025-04-15 23:26:43,225 - INFO - Socket closed without active server connection.
2025-04-15 23:27:12,403 - INFO - Socket closed without active server connection.
2025-04-15 23:28:07,191 - INFO - Socket closed without active server connection.
2025-04-15 23:29:12,369 - INFO - Socket closed without active server connection.
2025-04-15 23:29:25,286 - INFO - Socket closed without active server connection.
2025-04-15 23:29:55,723 - INFO - Socket closed without active server connection.
2025-04-15 23:30:22,924 - INFO - Socket closed without active server connection.
2025-04-16 14:06:01,765 - INFO - Socket closed without active server connection.
2025-04-16 14:06:25,464 - INFO - Sent encrypted handshake to 127.0.0.1:9999
2025-04-16 14:06:27,349 - INFO - Server response: 🔐 Handshake successful. Secure channel established.
2025-04-16 14:06:38,429 - INFO - Disconnected from server and socket closed.
2025-04-18 17:58:03,420 - INFO - Sent encrypted handshake to 10.14.143.15:9999
2025-04-18 17:58:04,872 - INFO - Server response: 🔐 Handshake successful. Secure channel established.
2025-04-18 17:58:15,019 - INFO - Disconnected from server and socket closed.
2025-04-18 17:58:23,489 - ERROR - Connection error: [Errno 65] No route to host
2025-04-18 17:58:25,282 - INFO - Socket closed without active server connection.
2025-04-19 19:25:25,598 - INFO - Sent encrypted handshake to 127.0.0.1:9999
2025-04-19 19:25:26,933 - INFO - Server response: 🔐 Handshake successful. Secure channel established.
2025-04-19 19:25:36,582 - INFO - Disconnected from server and socket closed.
2025-04-19 19:28:14,984 - INFO - Sent encrypted handshake to 10.14.142.170:9999
2025-04-19 19:28:16,466 - INFO - Server response: 🔐 Handshake successful. Secure channel established.
2025-04-19 19:28:17,459 - INFO - Disconnected from server and socket closed.
2025-04-19 19:43:34,141 - INFO - Client script starting...
2025-04-19 19:43:34,141 - INFO - Found existing client keys.
2025-04-19 19:43:34,172 - INFO - RSA keys loaded successfully.
2025-04-19 19:43:34,622 - INFO - Client GUI initialized.
2025-04-19 19:43:47,998 - INFO - Sent encrypted handshake to 10.14.142.170:9999
2025-04-19 19:43:48,002 - INFO - Received response from server
2025-04-19 19:43:49,232 - INFO - Server response: 🔐 Handshake successful. Secure channel established.
2025-04-19 19:43:50,193 - INFO - Disconnected from server and socket closed.
2025-04-19 19:52:58,795 - INFO - Client script starting...
2025-04-19 19:52:58,795 - INFO - Found existing client keys.
2025-04-19 19:52:58,825 - INFO - RSA keys loaded successfully.
2025-04-19 19:52:59,256 - INFO - Client GUI initialized.
2025-04-19 19:53:04,931 - INFO - Sent encrypted handshake to 10.14.142.170:9999
2025-04-19 19:53:04,933 - INFO - Received response from server
2025-04-19 19:53:05,949 - INFO - Server response: 🔐 Handshake successful. Secure channel established.
2025-04-19 19:53:06,596 - INFO - Disconnected from server and socket closed.
